<?xml version="1.0" encoding="UTF-8"?>
<testsuite xmlns:xsi="http://www.w3.org/2001/XMLSchema-instance" xsi:noNamespaceSchemaLocation="https://maven.apache.org/surefire/maven-surefire-plugin/xsd/surefire-test-report.xsd" version="3.0.2" name="com.remizov.deal.controller.DealControllerTest" time="4.363" tests="4" errors="0" skipped="0" failures="0">
  <properties>
[...]
</properties>
  <testcase name="calculate_validRequest_returns200" classname="com.remizov.deal.controller.DealControllerTest" time="0.293">
    <system-out><![CDATA[01:09:39.704 [main] INFO org.springframework.test.context.support.AnnotationConfigContextLoaderUtils -- Could not detect default configuration classes for test class [com.remizov.deal.controller.DealControllerTest]: DealControllerTest does not declare any static, non-private, non-final, nested classes annotated with @Configuration.
01:09:39.990 [main] INFO org.springframework.boot.test.context.SpringBootTestContextBootstrapper -- Found @SpringBootConfiguration com.remizov.deal.DealApplication for test class com.remizov.deal.controller.DealControllerTest

  .   ____          _            __ _ _
 /\\ / ___'_ __ _ _(_)_ __  __ _ \ \ \ \
( ( )\___ | '_ | '_| | '_ \/ _` | \ \ \ \
 \\/  ___)| |_)| | | | | || (_| |  ) ) ) )
  '  |____| .__|_| |_|_| |_\__, | / / / /
 =========|_|==============|___/=/_/_/_/

 :: Spring Boot ::                (v3.5.7)

2026-04-02T01:09:40.721+04:00  INFO 23100 --- [           main] c.r.deal.controller.DealControllerTest   : Starting DealControllerTest using Java 21.0.10 with PID 23100 (started by remiz in C:\Users\remiz\OneDrive\Desktop\credit-bank\deal)
2026-04-02T01:09:40.723+04:00 DEBUG 23100 --- [           main] c.r.deal.controller.DealControllerTest   : Running with Spring Boot v3.5.7, Spring v6.2.12
2026-04-02T01:09:40.724+04:00  INFO 23100 --- [           main] c.r.deal.controller.DealControllerTest   : No active profile set, falling back to 1 default profile: "default"
2026-04-02T01:09:43.241+04:00  INFO 23100 --- [           main] o.s.b.t.m.w.SpringBootMockServletContext : Initializing Spring TestDispatcherServlet ''
2026-04-02T01:09:43.241+04:00  INFO 23100 --- [           main] o.s.t.web.servlet.TestDispatcherServlet  : Initializing Servlet ''
2026-04-02T01:09:43.244+04:00  INFO 23100 --- [           main] o.s.t.web.servlet.TestDispatcherServlet  : Completed initialization in 2 ms
2026-04-02T01:09:43.288+04:00  INFO 23100 --- [           main] c.r.deal.controller.DealControllerTest   : Started DealControllerTest in 3.12 seconds (process running for 4.565)
2026-04-02T01:09:43.550+04:00  INFO 23100 --- [           main] c.r.deal.controller.DealController       : POST /deal/calculate/b921f1dd-3cbc-0495-fdab-8cd14d33f0aa: расчёт завершён успешно
]]></system-out>
    <system-err><![CDATA[Mockito is currently self-attaching to enable the inline-mock-maker. This will no longer work in future releases of the JDK. Please add Mockito as an agent to your build as described in Mockito's documentation: https://javadoc.io/doc/org.mockito/mockito-core/latest/org.mockito/org/mockito/Mockito.html#0.3
WARNING: A Java agent has been loaded dynamically (C:\Users\remiz\.m2\repository\net\bytebuddy\byte-buddy-agent\1.17.8\byte-buddy-agent-1.17.8.jar)
WARNING: If a serviceability tool is in use, please run with -XX:+EnableDynamicAgentLoading to hide this warning
WARNING: If a serviceability tool is not in use, please run with -Djdk.instrument.traceUsage for more information
WARNING: Dynamic loading of agents will be disallowed by default in a future release
]]></system-err>
  </testcase>
  <testcase name="statement_validRequest_returns200WithOffers" classname="com.remizov.deal.controller.DealControllerTest" time="0.218">
    <system-out><![CDATA[2026-04-02T01:09:43.733+04:00  INFO 23100 --- [           main] c.r.deal.controller.DealController       : POST /deal/statement: возвращено 4 офферов
]]></system-out>
  </testcase>
  <testcase name="selectOffer_validRequest_returns200" classname="com.remizov.deal.controller.DealControllerTest" time="0.016">
    <system-out><![CDATA[2026-04-02T01:09:43.830+04:00  INFO 23100 --- [           main] c.r.deal.controller.DealController       : POST /deal/offer/select: оффер выбран успешно, statementId=e87aebb3-9a2e-ca2b-261f-44293774c5d4
]]></system-out>
  </testcase>
  <testcase name="statement_emptyBody_returns400" classname="com.remizov.deal.controller.DealControllerTest" time="0.041">
    <system-out><![CDATA[2026-04-02T01:09:43.874+04:00  WARN 23100 --- [           main] .w.s.m.s.DefaultHandlerExceptionResolver : Resolved [org.springframework.web.bind.MethodArgumentNotValidException: Validation failed for argument [0] in public org.springframework.http.ResponseEntity<java.util.List<com.remizov.deal.dto.LoanOfferDto>> com.remizov.deal.controller.DealController.statement(com.remizov.deal.dto.LoanStatementRequestDto) with 6 errors: [Field error in object 'loanStatementRequestDto' on field 'email': rejected value [null]; codes [NotBlank.loanStatementRequestDto.email,NotBlank.email,NotBlank.java.lang.String,NotBlank]; arguments [org.springframework.context.support.DefaultMessageSourceResolvable: codes [loanStatementRequestDto.email,email]; arguments []; default message [email]]; default message [must not be blank]] [Field error in object 'loanStatementRequestDto' on field 'firstname': rejected value [null]; codes [NotBlank.loanStatementRequestDto.firstname,NotBlank.firstname,NotBlank.java.lang.String,NotBlank]; arguments [org.springframework.context.support.DefaultMessageSourceResolvable: codes [loanStatementRequestDto.firstname,firstname]; arguments []; default message [firstname]]; default message [must not be blank]] [Field error in object 'loanStatementRequestDto' on field 'birthdate': rejected value [null]; codes [NotNull.loanStatementRequestDto.birthdate,NotNull.birthdate,NotNull.java.time.LocalDate,NotNull]; arguments [org.springframework.context.support.DefaultMessageSourceResolvable: codes [loanStatementRequestDto.birthdate,birthdate]; arguments []; default message [birthdate]]; default message [must not be null]] [Field error in object 'loanStatementRequestDto' on field 'lastname': rejected value [null]; codes [NotBlank.loanStatementRequestDto.lastname,NotBlank.lastname,NotBlank.java.lang.String,NotBlank]; arguments [org.springframework.context.support.DefaultMessageSourceResolvable: codes [loanStatementRequestDto.lastname,lastname]; arguments []; default message [lastname]]; default message [must not be blank]] [Field error in object 'loanStatementRequestDto' on field 'term': rejected value [null]; codes [NotNull.loanStatementRequestDto.term,NotNull.term,NotNull.java.lang.Integer,NotNull]; arguments [org.springframework.context.support.DefaultMessageSourceResolvable: codes [loanStatementRequestDto.term,term]; arguments []; default message [term]]; default message [must not be null]] [Field error in object 'loanStatementRequestDto' on field 'amount': rejected value [null]; codes [NotNull.loanStatementRequestDto.amount,NotNull.amount,NotNull.java.math.BigDecimal,NotNull]; arguments [org.springframework.context.support.DefaultMessageSourceResolvable: codes [loanStatementRequestDto.amount,amount]; arguments []; default message [amount]]; default message [must not be null]] ]
]]></system-out>
  </testcase>
</testsuite>